********************************************************************************
DUPLICATOR-LITE PACKAGE-LOG: 30 June, 2022 10:11 am
NOTICE: Do NOT post to public sites or forums 
********************************************************************************
VERSION:	1.4.7
WORDPRESS:	6.0
PHP INFO:	7.4.19 | SAPI: apache2handler
SERVER:		Apache/2.4.47 (Win64) OpenSSL/1.1.1k PHP/7.4.19 
PHP TIME LIMIT: (0) no time limit imposed 
PHP MAX MEMORY: 4294967296 (512M default) 
MEMORY STACK: 60MB

********************************************************************************
DATABASE:
********************************************************************************
BUILD MODE:   MYSQLDUMP
MYSQLTIMEOUT: 5000
MYSQLDUMP:    Is Supported
SQL CREATED: 20220630_cuongblog_d6e89a78b4f69e2d3103_20220630100345_database.sql
SQL FILE SIZE: 2.34MB (2458905)
SQL FILE TIME: 2022-06-30 10:11:31
SQL RUNTIME: 7.34 sec.

********************************************************************************
ARCHIVE (ZIP):
********************************************************************************
ARCHIVE DIR:  E:/laragon/www/cuong_kiman
ARCHIVE FILE: 20220630_cuongblog_d6e89a78b4f69e2d3103_20220630100345_archive.zip
FILTERS: *OFF*
DIRS:
	not set
FILES:
	not set
EXTS:  not set
----------------------------------------
COMPRESSING
SIZE:	194.64MB
STATS:	Dirs 1,189 | Files 9,815
SQL ADDED: 20220630_cuongblog_d6e89a78b4f69e2d3103_20220630100345_database.sql
ZipArchive Object
(
    [status] => 0
    [statusSys] => 0
    [numFiles] => 11004
    [filename] => E:\laragon\www\cuong_kiman\wp-content\backups-dup-lite\tmp\20220630_cuongblog_d6e89a78b4f69e2d3103_20220630100345_archive.zip
    [comment] => 
)

FILE ADDED TO ZIP: 11003
[PHP ERR][WARN] MSG:ZipArchive::close(): Renaming temporary file failed: Permission denied [CODE:2|FILE:E:\laragon\www\cuong_kiman\wp-content\plugins\duplicator\classes\package\class.pack.archive.zip.php|LINE:205]
do_action('wp_ajax_duplicator_package_build'), WP_Hook->do_action, WP_Hook->apply_filters, duplicator_package_build, DUP_Package->runZipBuild, DUP_Archive->build, DUP_Zip::create, ZipArchive->close, DUP_Handler::error, DUP_Handler::getMessage

==================================================================================
DUPLICATOR ERROR
Please try again! If the error persists see the Duplicator 'Help' menu.
---------------------------------------------------------------------------------
MESSAGE:
	ZipArchive close failure.
DETAILS:
	The ZipArchive engine is having issues zipping up the files on this server. For more details visit the FAQ
I'm getting a ZipArchive close failure when building. How can I resolve this?
[https://snapcreek.com/duplicator/docs/faqs-tech/#faq-package-165-q]
TRACE:
	 1. class.pack.archive.zip.php : error (214)
	 2. class.pack.archive.php : create (106)
	 3. class.pack.php : build (1318)
	 4. ctrl.package.php : runZipBuild (98)
	 5. class-wp-hook.php : duplicator_package_build (307)
	 6. class-wp-hook.php : apply_filters (331)
	 7. plugin.php : do_action (476)
	 8. admin-ajax.php : do_action (187)
==================================================================================

building installer
[PHP ERR][WARN] MSG:file_put_contents(E:/laragon/www/cuong_kiman/wp-content/backups-dup-lite/tmp/20220630_cuongblog_d6e89a78b4f69e2d3103_20220630100345_installer.php): failed to open stream: Permission denied [CODE:2|FILE:E:\laragon\www\cuong_kiman\wp-content\plugins\duplicator\classes\package\class.pack.installer.php|LINE:111]
do_action('wp_ajax_duplicator_package_build'), WP_Hook->do_action, WP_Hook->apply_filters, duplicator_package_build, DUP_Package->runZipBuild, DUP_Installer->build, DUP_Installer->create_enhanced_installer_files, DUP_Installer->create_enhanced_installer, file_put_contents, DUP_Handler::error, DUP_Handler::getMessage

==================================================================================
DUPLICATOR ERROR
Please try again! If the error persists see the Duplicator 'Help' menu.
---------------------------------------------------------------------------------
MESSAGE:
	Error writing installer contents
DETAILS:
	Couldn&#039;t write to E:/laragon/www/cuong_kiman/wp-content/backups-dup-lite/tmp/20220630_cuongblog_d6e89a78b4f69e2d3103_20220630100345_installer.php
TRACE:
	 1. class.pack.installer.php : error (112)
	 2. class.pack.installer.php : create_enhanced_installer (77)
	 3. class.pack.installer.php : create_enhanced_installer_files (47)
	 4. class.pack.php : build (1319)
	 5. ctrl.package.php : runZipBuild (98)
	 6. class-wp-hook.php : duplicator_package_build (307)
	 7. class-wp-hook.php : apply_filters (331)
	 8. plugin.php : do_action (476)
	 9. admin-ajax.php : do_action (187)
==================================================================================

